# JRE version: OpenJDK Runtime Environment (8.0_181-b13) (build 1.8.0_181-8u181-b13-2~deb9u1-b13)
# Java VM: OpenJDK Server VM (25.181-b13 mixed mode linux-x86 )
Heap:
 def new generation   total 14784K, used 14783K [0x77000000, 0x78000000, 0x86f50000)
  eden space 13184K, 100% used [0x77000000, 0x77ce0000, 0x77ce0000)
  from space 1600K,  99% used [0x77ce0000, 0x77e6fff8, 0x77e70000)
  to   space 1600K, 100% used [0x77e70000, 0x78000000, 0x78000000)
 tenured generation   total 34176K, used 34175K [0x86f50000, 0x890b0000, 0xa6e00000)
   the space 34176K,  99% used [0x86f50000, 0x890afff8, 0x890b0000, 0x890b0000)
 Metaspace       used 10193K, capacity 10240K, committed 10392K, reserved 10544K
GC Heap History (10 events):
Event: 3.722 GC heap after
Heap after GC invocations=12 (full 0):
 def new generation   total 14784K, used 1599K [0x77000000, 0x78000000, 0x86f50000)
  eden space 13184K,   0% used [0x77000000, 0x77000000, 0x77ce0000)
  from space 1600K,  99% used [0x77ce0000, 0x77e6fff8, 0x77e70000)
  to   space 1600K,   0% used [0x77e70000, 0x77e70000, 0x78000000)
 tenured generation   total 32768K, used 21567K [0x86f50000, 0x88f50000, 0xa6e00000)
   the space 32768K,  65% used [0x86f50000, 0x8845fd60, 0x8845fe00, 0x88f50000)
 Metaspace       used 8033K, capacity 8062K, committed 8088K, reserved 8496K
}
Event: 3.813 GC heap before
{Heap before GC invocations=12 (full 0):
 def new generation   total 14784K, used 14783K [0x77000000, 0x78000000, 0x86f50000)
  eden space 13184K, 100% used [0x77000000, 0x77ce0000, 0x77ce0000)
  from space 1600K,  99% used [0x77ce0000, 0x77e6fff8, 0x77e70000)
  to   space 1600K,   0% used [0x77e70000, 0x77e70000, 0x78000000)
 tenured generation   total 32768K, used 21567K [0x86f50000, 0x88f50000, 0xa6e00000)
   the space 32768K,  65% used [0x86f50000, 0x8845fd60, 0x8845fe00, 0x88f50000)
 Metaspace       used 8098K, capacity 8126K, committed 8216K, reserved 8496K
Event: 3.833 GC heap after
Heap after GC invocations=13 (full 0):
 def new generation   total 14784K, used 1599K [0x77000000, 0x78000000, 0x86f50000)
  eden space 13184K,   0% used [0x77000000, 0x77000000, 0x77ce0000)
  from space 1600K,  99% used [0x77e70000, 0x77fffff8, 0x78000000)
  to   space 1600K,   0% used [0x77ce0000, 0x77ce0000, 0x77e70000)
 tenured generation   total 32768K, used 24030K [0x86f50000, 0x88f50000, 0xa6e00000)
   the space 32768K,  73% used [0x86f50000, 0x886c7a88, 0x886c7c00, 0x88f50000)
 Metaspace       used 8098K, capacity 8126K, committed 8216K, reserved 8496K
}
Event: 4.100 GC heap before
{Heap before GC invocations=13 (full 0):
 def new generation   total 14784K, used 14783K [0x77000000, 0x78000000, 0x86f50000)
  eden space 13184K, 100% used [0x77000000, 0x77ce0000, 0x77ce0000)
  from space 1600K,  99% used [0x77e70000, 0x77fffff8, 0x78000000)
  to   space 1600K,   0% used [0x77ce0000, 0x77ce0000, 0x77e70000)
 tenured generation   total 32768K, used 24030K [0x86f50000, 0x88f50000, 0xa6e00000)
   the space 32768K,  73% used [0x86f50000, 0x886c7a88, 0x886c7c00, 0x88f50000)
 Metaspace       used 8912K, capacity 8958K, committed 8984K, reserved 9520K
Event: 4.137 GC heap after
Heap after GC invocations=14 (full 0):
 def new generation   total 14784K, used 1600K [0x77000000, 0x78000000, 0x86f50000)
  eden space 13184K,   0% used [0x77000000, 0x77000000, 0x77ce0000)
  from space 1600K, 100% used [0x77ce0000, 0x77e70000, 0x77e70000)
  to   space 1600K,   0% used [0x77e70000, 0x77e70000, 0x78000000)
 tenured generation   total 32768K, used 26404K [0x86f50000, 0x88f50000, 0xa6e00000)
   the space 32768K,  80% used [0x86f50000, 0x88919118, 0x88919200, 0x88f50000)
 Metaspace       used 8912K, capacity 8958K, committed 8984K, reserved 9520K
}
Event: 4.457 GC heap before
{Heap before GC invocations=14 (full 0):
 def new generation   total 14784K, used 14784K [0x77000000, 0x78000000, 0x86f50000)
  eden space 13184K, 100% used [0x77000000, 0x77ce0000, 0x77ce0000)
  from space 1600K, 100% used [0x77ce0000, 0x77e70000, 0x77e70000)
  to   space 1600K,   0% used [0x77e70000, 0x77e70000, 0x78000000)
 tenured generation   total 32768K, used 26404K [0x86f50000, 0x88f50000, 0xa6e00000)
   the space 32768K,  80% used [0x86f50000, 0x88919118, 0x88919200, 0x88f50000)
 Metaspace       used 9531K, capacity 9568K, committed 9624K, reserved 10544K
Event: 4.529 GC heap after
Heap after GC invocations=15 (full 0):
 def new generation   total 14784K, used 1600K [0x77000000, 0x78000000, 0x86f50000)
  eden space 13184K,   0% used [0x77000000, 0x77000000, 0x77ce0000)
  from space 1600K, 100% used [0x77e70000, 0x78000000, 0x78000000)
  to   space 1600K,   0% used [0x77ce0000, 0x77ce0000, 0x77e70000)
 tenured generation   total 32768K, used 28965K [0x86f50000, 0x88f50000, 0xa6e00000)
   the space 32768K,  88% used [0x86f50000, 0x88b99410, 0x88b99600, 0x88f50000)
 Metaspace       used 9531K, capacity 9568K, committed 9624K, reserved 10544K
}
Event: 4.814 GC heap before
{Heap before GC invocations=15 (full 0):
 def new generation   total 14784K, used 14784K [0x77000000, 0x78000000, 0x86f50000)
  eden space 13184K, 100% used [0x77000000, 0x77ce0000, 0x77ce0000)
  from space 1600K, 100% used [0x77e70000, 0x78000000, 0x78000000)
  to   space 1600K,   0% used [0x77ce0000, 0x77ce0000, 0x77e70000)
 tenured generation   total 32768K, used 28965K [0x86f50000, 0x88f50000, 0xa6e00000)
   the space 32768K,  88% used [0x86f50000, 0x88b99410, 0x88b99600, 0x88f50000)
 Metaspace       used 10041K, capacity 10080K, committed 10136K, reserved 10544K
Event: 4.868 GC heap after
Heap after GC invocations=16 (full 0):
 def new generation   total 14784K, used 1599K [0x77000000, 0x78000000, 0x86f50000)
  eden space 13184K,   0% used [0x77000000, 0x77000000, 0x77ce0000)
  from space 1600K,  99% used [0x77ce0000, 0x77e6fff8, 0x77e70000)
  to   space 1600K,   0% used [0x77e70000, 0x77e70000, 0x78000000)
 tenured generation   total 32768K, used 31656K [0x86f50000, 0x88f50000, 0xa6e00000)
   the space 32768K,  96% used [0x86f50000, 0x88e3a268, 0x88e3a400, 0x88f50000)
 Metaspace       used 10041K, capacity 10080K, committed 10136K, reserved 10544K
}
Event: 5.033 GC heap before
{Heap before GC invocations=16 (full 0):
 def new generation   total 14784K, used 14783K [0x77000000, 0x78000000, 0x86f50000)
  eden space 13184K, 100% used [0x77000000, 0x77ce0000, 0x77ce0000)
  from space 1600K,  99% used [0x77ce0000, 0x77e6fff8, 0x77e70000)
  to   space 1600K,   0% used [0x77e70000, 0x77e70000, 0x78000000)
 tenured generation   total 32768K, used 31656K [0x86f50000, 0x88f50000, 0xa6e00000)
   the space 32768K,  96% used [0x86f50000, 0x88e3a268, 0x88e3a400, 0x88f50000)
 Metaspace       used 10193K, capacity 10240K, committed 10392K, reserved 10544K

