# JRE version: OpenJDK Runtime Environment (8.0_181-b13) (build 1.8.0_181-8u181-b13-2~deb9u1-b13)
# Java VM: OpenJDK Server VM (25.181-b13 mixed mode linux-x86 )
Heap:
 def new generation   total 14784K, used 981K [0x77000000, 0x78000000, 0x86f50000)
  eden space 13184K,   7% used [0x77000000, 0x770f5698, 0x77ce0000)
  from space 1600K,   0% used [0x77e70000, 0x77e70000, 0x78000000)
  to   space 1600K,   0% used [0x77ce0000, 0x77ce0000, 0x77e70000)
 tenured generation   total 34304K, used 34304K [0x86f50000, 0x890d0000, 0xa6e00000)
   the space 34304K, 100% used [0x86f50000, 0x890d0000, 0x890d0000, 0x890d0000)
 Metaspace       used 10132K, capacity 10176K, committed 10264K, reserved 10544K
GC Heap History (10 events):
Event: 5.898 GC heap after
Heap after GC invocations=12 (full 0):
 def new generation   total 14784K, used 1600K [0x77000000, 0x78000000, 0x86f50000)
  eden space 13184K,   0% used [0x77000000, 0x77000000, 0x77ce0000)
  from space 1600K, 100% used [0x77ce0000, 0x77e70000, 0x77e70000)
  to   space 1600K,   0% used [0x77e70000, 0x77e70000, 0x78000000)
 tenured generation   total 32768K, used 21537K [0x86f50000, 0x88f50000, 0xa6e00000)
   the space 32768K,  65% used [0x86f50000, 0x884584a0, 0x88458600, 0x88f50000)
 Metaspace       used 8034K, capacity 8062K, committed 8088K, reserved 8496K
}
Event: 5.991 GC heap before
{Heap before GC invocations=12 (full 0):
 def new generation   total 14784K, used 14784K [0x77000000, 0x78000000, 0x86f50000)
  eden space 13184K, 100% used [0x77000000, 0x77ce0000, 0x77ce0000)
  from space 1600K, 100% used [0x77ce0000, 0x77e70000, 0x77e70000)
  to   space 1600K,   0% used [0x77e70000, 0x77e70000, 0x78000000)
 tenured generation   total 32768K, used 21537K [0x86f50000, 0x88f50000, 0xa6e00000)
   the space 32768K,  65% used [0x86f50000, 0x884584a0, 0x88458600, 0x88f50000)
 Metaspace       used 8099K, capacity 8126K, committed 8216K, reserved 8496K
Event: 6.025 GC heap after
Heap after GC invocations=13 (full 0):
 def new generation   total 14784K, used 1599K [0x77000000, 0x78000000, 0x86f50000)
  eden space 13184K,   0% used [0x77000000, 0x77000000, 0x77ce0000)
  from space 1600K,  99% used [0x77e70000, 0x77fffff8, 0x78000000)
  to   space 1600K,   0% used [0x77ce0000, 0x77ce0000, 0x77e70000)
 tenured generation   total 32768K, used 24010K [0x86f50000, 0x88f50000, 0xa6e00000)
   the space 32768K,  73% used [0x86f50000, 0x886c2a78, 0x886c2c00, 0x88f50000)
 Metaspace       used 8099K, capacity 8126K, committed 8216K, reserved 8496K
}
Event: 6.391 GC heap before
{Heap before GC invocations=13 (full 0):
 def new generation   total 14784K, used 14783K [0x77000000, 0x78000000, 0x86f50000)
  eden space 13184K, 100% used [0x77000000, 0x77ce0000, 0x77ce0000)
  from space 1600K,  99% used [0x77e70000, 0x77fffff8, 0x78000000)
  to   space 1600K,   0% used [0x77ce0000, 0x77ce0000, 0x77e70000)
 tenured generation   total 32768K, used 24010K [0x86f50000, 0x88f50000, 0xa6e00000)
   the space 32768K,  73% used [0x86f50000, 0x886c2a78, 0x886c2c00, 0x88f50000)
 Metaspace       used 8904K, capacity 8926K, committed 8984K, reserved 9520K
Event: 6.426 GC heap after
Heap after GC invocations=14 (full 0):
 def new generation   total 14784K, used 1600K [0x77000000, 0x78000000, 0x86f50000)
  eden space 13184K,   0% used [0x77000000, 0x77000000, 0x77ce0000)
  from space 1600K, 100% used [0x77ce0000, 0x77e70000, 0x77e70000)
  to   space 1600K,   0% used [0x77e70000, 0x77e70000, 0x78000000)
 tenured generation   total 32768K, used 26387K [0x86f50000, 0x88f50000, 0xa6e00000)
   the space 32768K,  80% used [0x86f50000, 0x88914dc0, 0x88914e00, 0x88f50000)
 Metaspace       used 8904K, capacity 8926K, committed 8984K, reserved 9520K
}
Event: 6.708 GC heap before
{Heap before GC invocations=14 (full 0):
 def new generation   total 14784K, used 14784K [0x77000000, 0x78000000, 0x86f50000)
  eden space 13184K, 100% used [0x77000000, 0x77ce0000, 0x77ce0000)
  from space 1600K, 100% used [0x77ce0000, 0x77e70000, 0x77e70000)
  to   space 1600K,   0% used [0x77e70000, 0x77e70000, 0x78000000)
 tenured generation   total 32768K, used 26387K [0x86f50000, 0x88f50000, 0xa6e00000)
   the space 32768K,  80% used [0x86f50000, 0x88914dc0, 0x88914e00, 0x88f50000)
 Metaspace       used 9642K, capacity 9696K, committed 9752K, reserved 10544K
Event: 6.751 GC heap after
Heap after GC invocations=15 (full 0):
 def new generation   total 14784K, used 1600K [0x77000000, 0x78000000, 0x86f50000)
  eden space 13184K,   0% used [0x77000000, 0x77000000, 0x77ce0000)
  from space 1600K, 100% used [0x77e70000, 0x78000000, 0x78000000)
  to   space 1600K,   0% used [0x77ce0000, 0x77ce0000, 0x77e70000)
 tenured generation   total 32768K, used 29113K [0x86f50000, 0x88f50000, 0xa6e00000)
   the space 32768K,  88% used [0x86f50000, 0x88bbe478, 0x88bbe600, 0x88f50000)
 Metaspace       used 9642K, capacity 9696K, committed 9752K, reserved 10544K
}
Event: 6.946 GC heap before
{Heap before GC invocations=15 (full 0):
 def new generation   total 14784K, used 14784K [0x77000000, 0x78000000, 0x86f50000)
  eden space 13184K, 100% used [0x77000000, 0x77ce0000, 0x77ce0000)
  from space 1600K, 100% used [0x77e70000, 0x78000000, 0x78000000)
  to   space 1600K,   0% used [0x77ce0000, 0x77ce0000, 0x77e70000)
 tenured generation   total 32768K, used 29113K [0x86f50000, 0x88f50000, 0xa6e00000)
   the space 32768K,  88% used [0x86f50000, 0x88bbe478, 0x88bbe600, 0x88f50000)
 Metaspace       used 9995K, capacity 10048K, committed 10136K, reserved 10544K
Event: 6.967 GC heap after
Heap after GC invocations=16 (full 0):
 def new generation   total 14784K, used 1599K [0x77000000, 0x78000000, 0x86f50000)
  eden space 13184K,   0% used [0x77000000, 0x77000000, 0x77ce0000)
  from space 1600K,  99% used [0x77ce0000, 0x77e6fff8, 0x77e70000)
  to   space 1600K,   0% used [0x77e70000, 0x77e70000, 0x78000000)
 tenured generation   total 32768K, used 31664K [0x86f50000, 0x88f50000, 0xa6e00000)
   the space 32768K,  96% used [0x86f50000, 0x88e3c1b8, 0x88e3c200, 0x88f50000)
 Metaspace       used 9995K, capacity 10048K, committed 10136K, reserved 10544K
}
Event: 7.104 GC heap before
{Heap before GC invocations=16 (full 0):
 def new generation   total 14784K, used 14783K [0x77000000, 0x78000000, 0x86f50000)
  eden space 13184K, 100% used [0x77000000, 0x77ce0000, 0x77ce0000)
  from space 1600K,  99% used [0x77ce0000, 0x77e6fff8, 0x77e70000)
  to   space 1600K,   0% used [0x77e70000, 0x77e70000, 0x78000000)
 tenured generation   total 32768K, used 31664K [0x86f50000, 0x88f50000, 0xa6e00000)
   the space 32768K,  96% used [0x86f50000, 0x88e3c1b8, 0x88e3c200, 0x88f50000)
 Metaspace       used 10132K, capacity 10176K, committed 10264K, reserved 10544K

